This is pdfTeX, Version 3.141592653-2.6-1.40.23 (TeX Live 2021/W32TeX) (preloaded format=pdflatex 2021.9.24)  11 DEC 2021 09:41
entering extended mode
 restricted \write18 enabled.
 file:line:error style messages enabled.
 %&-line parsing enabled.
**f:/Classes/OperatingSystem/OS-Notebook/Notebook.tex
(f:/Classes/OperatingSystem/OS-Notebook/Notebook.tex
LaTeX2e <2021-06-01> patch level 1
L3 programming layer <2021-08-27> (e:/Environment/texlive/2021/texmf-dist/tex/latex/base/article.cls
Document Class: article 2021/02/12 v1.4n Standard LaTeX document class
(e:/Environment/texlive/2021/texmf-dist/tex/latex/base/size12.clo
File: size12.clo 2021/02/12 v1.4n Standard LaTeX file (size option)
)
\c@part=\count182
\c@section=\count183
\c@subsection=\count184
\c@subsubsection=\count185
\c@paragraph=\count186
\c@subparagraph=\count187
\c@figure=\count188
\c@table=\count189
\abovecaptionskip=\skip47
\belowcaptionskip=\skip48
\bibindent=\dimen138
) (e:/Environment/texlive/2021/texmf-dist/tex/latex/amsmath/amsmath.sty
Package: amsmath 2021/04/20 v2.17j AMS math features
\@mathmargin=\skip49

For additional information on amsmath, use the `?' option.
(e:/Environment/texlive/2021/texmf-dist/tex/latex/amsmath/amstext.sty
Package: amstext 2000/06/29 v2.01 AMS text
 (e:/Environment/texlive/2021/texmf-dist/tex/latex/amsmath/amsgen.sty
File: amsgen.sty 1999/11/30 v2.0 generic functions
\@emptytoks=\toks16
\ex@=\dimen139
)) (e:/Environment/texlive/2021/texmf-dist/tex/latex/amsmath/amsbsy.sty
Package: amsbsy 1999/11/29 v1.2d Bold Symbols
\pmbraise@=\dimen140
) (e:/Environment/texlive/2021/texmf-dist/tex/latex/amsmath/amsopn.sty
Package: amsopn 2016/03/08 v2.02 operator names
)
\inf@bad=\count190
LaTeX Info: Redefining \frac on input line 234.
\uproot@=\count191
\leftroot@=\count192
LaTeX Info: Redefining \overline on input line 399.
\classnum@=\count193
\DOTSCASE@=\count194
LaTeX Info: Redefining \ldots on input line 496.
LaTeX Info: Redefining \dots on input line 499.
LaTeX Info: Redefining \cdots on input line 620.
\Mathstrutbox@=\box50
\strutbox@=\box51
\big@size=\dimen141
LaTeX Font Info:    Redeclaring font encoding OML on input line 743.
LaTeX Font Info:    Redeclaring font encoding OMS on input line 744.
\macc@depth=\count195
\c@MaxMatrixCols=\count196
\dotsspace@=\muskip16
\c@parentequation=\count197
\dspbrk@lvl=\count198
\tag@help=\toks17
\row@=\count199
\column@=\count266
\maxfields@=\count267
\andhelp@=\toks18
\eqnshift@=\dimen142
\alignsep@=\dimen143
\tagshift@=\dimen144
\tagwidth@=\dimen145
\totwidth@=\dimen146
\lineht@=\dimen147
\@envbody=\toks19
\multlinegap=\skip50
\multlinetaggap=\skip51
\mathdisplay@stack=\toks20
LaTeX Info: Redefining \[ on input line 2923.
LaTeX Info: Redefining \] on input line 2924.
) (e:/Environment/texlive/2021/texmf-dist/tex/latex/graphics/graphicx.sty
Package: graphicx 2020/12/05 v1.2c Enhanced LaTeX Graphics (DPC,SPQR)
 (e:/Environment/texlive/2021/texmf-dist/tex/latex/graphics/keyval.sty
Package: keyval 2014/10/28 v1.15 key=value parser (DPC)
\KV@toks@=\toks21
) (e:/Environment/texlive/2021/texmf-dist/tex/latex/graphics/graphics.sty
Package: graphics 2021/03/04 v1.4d Standard LaTeX Graphics (DPC,SPQR)
 (e:/Environment/texlive/2021/texmf-dist/tex/latex/graphics/trig.sty
Package: trig 2016/01/03 v1.10 sin cos tan (DPC)
) (e:/Environment/texlive/2021/texmf-dist/tex/latex/graphics-cfg/graphics.cfg
File: graphics.cfg 2016/06/04 v1.11 sample graphics configuration
)
Package graphics Info: Driver file: pdftex.def on input line 107.
 (e:/Environment/texlive/2021/texmf-dist/tex/latex/graphics-def/pdftex.def
File: pdftex.def 2020/10/05 v1.2a Graphics/color driver for pdftex
))
\Gin@req@height=\dimen148
\Gin@req@width=\dimen149
) (e:/Environment/texlive/2021/texmf-dist/tex/latex/hyperref/hyperref.sty
Package: hyperref 2021-06-07 v7.00m Hypertext links for LaTeX
 (e:/Environment/texlive/2021/texmf-dist/tex/generic/ltxcmds/ltxcmds.sty
Package: ltxcmds 2020-05-10 v1.25 LaTeX kernel commands for general use (HO)
) (e:/Environment/texlive/2021/texmf-dist/tex/generic/iftex/iftex.sty
Package: iftex 2020/03/06 v1.0d TeX engine tests
) (e:/Environment/texlive/2021/texmf-dist/tex/generic/pdftexcmds/pdftexcmds.sty
Package: pdftexcmds 2020-06-27 v0.33 Utility functions of pdfTeX for LuaTeX (HO)
 (e:/Environment/texlive/2021/texmf-dist/tex/generic/infwarerr/infwarerr.sty
Package: infwarerr 2019/12/03 v1.5 Providing info/warning/error messages (HO)
)
Package pdftexcmds Info: \pdf@primitive is available.
Package pdftexcmds Info: \pdf@ifprimitive is available.
Package pdftexcmds Info: \pdfdraftmode found.
) (e:/Environment/texlive/2021/texmf-dist/tex/generic/kvsetkeys/kvsetkeys.sty
Package: kvsetkeys 2019/12/15 v1.18 Key value parser (HO)
) (e:/Environment/texlive/2021/texmf-dist/tex/generic/kvdefinekeys/kvdefinekeys.sty
Package: kvdefinekeys 2019-12-19 v1.6 Define keys (HO)
) (e:/Environment/texlive/2021/texmf-dist/tex/generic/pdfescape/pdfescape.sty
Package: pdfescape 2019/12/09 v1.15 Implements pdfTeX's escape features (HO)
) (e:/Environment/texlive/2021/texmf-dist/tex/latex/hycolor/hycolor.sty
Package: hycolor 2020-01-27 v1.10 Color options for hyperref/bookmark (HO)
) (e:/Environment/texlive/2021/texmf-dist/tex/latex/letltxmacro/letltxmacro.sty
Package: letltxmacro 2019/12/03 v1.6 Let assignment for LaTeX macros (HO)
) (e:/Environment/texlive/2021/texmf-dist/tex/latex/auxhook/auxhook.sty
Package: auxhook 2019-12-17 v1.6 Hooks for auxiliary files (HO)
) (e:/Environment/texlive/2021/texmf-dist/tex/latex/kvoptions/kvoptions.sty
Package: kvoptions 2020-10-07 v3.14 Key value format for package options (HO)
)
\@linkdim=\dimen150
\Hy@linkcounter=\count268
\Hy@pagecounter=\count269
 (e:/Environment/texlive/2021/texmf-dist/tex/latex/hyperref/pd1enc.def
File: pd1enc.def 2021-06-07 v7.00m Hyperref: PDFDocEncoding definition (HO)
Now handling font encoding PD1 ...
... no UTF-8 mapping file for font encoding PD1
) (e:/Environment/texlive/2021/texmf-dist/tex/latex/hyperref/hyperref-langpatches.def
File: hyperref-langpatches.def 2021-06-07 v7.00m Hyperref: patches for babel languages
) (e:/Environment/texlive/2021/texmf-dist/tex/generic/intcalc/intcalc.sty
Package: intcalc 2019/12/15 v1.3 Expandable calculations with integers (HO)
) (e:/Environment/texlive/2021/texmf-dist/tex/generic/etexcmds/etexcmds.sty
Package: etexcmds 2019/12/15 v1.7 Avoid name clashes with e-TeX commands (HO)
)
\Hy@SavedSpaceFactor=\count270
 (e:/Environment/texlive/2021/texmf-dist/tex/latex/hyperref/puenc.def
File: puenc.def 2021-06-07 v7.00m Hyperref: PDF Unicode definition (HO)
Now handling font encoding PU ...
... no UTF-8 mapping file for font encoding PU
)
Package hyperref Info: Hyper figures OFF on input line 4192.
Package hyperref Info: Link nesting OFF on input line 4197.
Package hyperref Info: Hyper index ON on input line 4200.
Package hyperref Info: Plain pages OFF on input line 4207.
Package hyperref Info: Backreferencing OFF on input line 4212.
Package hyperref Info: Implicit mode ON; LaTeX internals redefined.
Package hyperref Info: Bookmarks ON on input line 4445.
\c@Hy@tempcnt=\count271
 (e:/Environment/texlive/2021/texmf-dist/tex/latex/url/url.sty
\Urlmuskip=\muskip17
Package: url 2013/09/16  ver 3.4  Verb mode for urls, etc.
)
LaTeX Info: Redefining \url on input line 4804.
\XeTeXLinkMargin=\dimen151
 (e:/Environment/texlive/2021/texmf-dist/tex/generic/bitset/bitset.sty
Package: bitset 2019/12/09 v1.3 Handle bit-vector datatype (HO)
 (e:/Environment/texlive/2021/texmf-dist/tex/generic/bigintcalc/bigintcalc.sty
Package: bigintcalc 2019/12/15 v1.5 Expandable calculations on big integers (HO)
))
\Fld@menulength=\count272
\Field@Width=\dimen152
\Fld@charsize=\dimen153
Package hyperref Info: Hyper figures OFF on input line 6076.
Package hyperref Info: Link nesting OFF on input line 6081.
Package hyperref Info: Hyper index ON on input line 6084.
Package hyperref Info: backreferencing OFF on input line 6091.
Package hyperref Info: Link coloring OFF on input line 6096.
Package hyperref Info: Link coloring with OCG OFF on input line 6101.
Package hyperref Info: PDF/A mode OFF on input line 6106.
LaTeX Info: Redefining \ref on input line 6146.
LaTeX Info: Redefining \pageref on input line 6150.
 (e:/Environment/texlive/2021/texmf-dist/tex/latex/base/atbegshi-ltx.sty
Package: atbegshi-ltx 2021/01/10 v1.0c Emulation of the original atbegshi
package with kernel methods
)
\Hy@abspage=\count273
\c@Item=\count274
\c@Hfootnote=\count275
)
Package hyperref Info: Driver (autodetected): hpdftex.
 (e:/Environment/texlive/2021/texmf-dist/tex/latex/hyperref/hpdftex.def
File: hpdftex.def 2021-06-07 v7.00m Hyperref driver for pdfTeX
 (e:/Environment/texlive/2021/texmf-dist/tex/latex/base/atveryend-ltx.sty
Package: atveryend-ltx 2020/08/19 v1.0a Emulation of the original atvery package
with kernel methods
)
\Fld@listcount=\count276
\c@bookmark@seq@number=\count277
 (e:/Environment/texlive/2021/texmf-dist/tex/latex/rerunfilecheck/rerunfilecheck.sty
Package: rerunfilecheck 2019/12/05 v1.9 Rerun checks for auxiliary files (HO)
 (e:/Environment/texlive/2021/texmf-dist/tex/generic/uniquecounter/uniquecounter.sty
Package: uniquecounter 2019/12/15 v1.4 Provide unlimited unique counter (HO)
)
Package uniquecounter Info: New unique counter `rerunfilecheck' on input line 286.
)
\Hy@SectionHShift=\skip52
) (e:/Environment/texlive/2021/texmf-dist/tex/latex/listings/listings.sty
\lst@mode=\count278
\lst@gtempboxa=\box52
\lst@token=\toks22
\lst@length=\count279
\lst@currlwidth=\dimen154
\lst@column=\count280
\lst@pos=\count281
\lst@lostspace=\dimen155
\lst@width=\dimen156
\lst@newlines=\count282
\lst@lineno=\count283
\lst@maxwidth=\dimen157
 (e:/Environment/texlive/2021/texmf-dist/tex/latex/listings/lstmisc.sty
File: lstmisc.sty 2020/03/24 1.8d (Carsten Heinz)
\c@lstnumber=\count284
\lst@skipnumbers=\count285
\lst@framebox=\box53
) (e:/Environment/texlive/2021/texmf-dist/tex/latex/listings/listings.cfg
File: listings.cfg 2020/03/24 1.8d listings configuration
))
Package: listings 2020/03/24 1.8d (Carsten Heinz)
 (e:/Environment/texlive/2021/texmf-dist/tex/latex/graphics/color.sty
Package: color 2020/02/24 v1.2b Standard LaTeX Color (DPC)
 (e:/Environment/texlive/2021/texmf-dist/tex/latex/graphics-cfg/color.cfg
File: color.cfg 2016/01/02 v1.6 sample color configuration
)
Package color Info: Driver file: pdftex.def on input line 149.
) (e:/Environment/texlive/2021/texmf-dist/tex/latex/listings/lstlang1.sty
File: lstlang1.sty 2020/03/24 1.8d listings language file
) (e:/Environment/texlive/2021/texmf-dist/tex/latex/listings/lstmisc.sty
File: lstmisc.sty 2020/03/24 1.8d (Carsten Heinz)
) (e:/Environment/texlive/2021/texmf-dist/tex/latex/base/inputenc.sty
Package: inputenc 2021/02/14 v1.3d Input encoding file
\inpenc@prehook=\toks23
\inpenc@posthook=\toks24
) (e:/Environment/texlive/2021/texmf-dist/tex/latex/l3backend/l3backend-pdftex.def
File: l3backend-pdftex.def 2021-08-04 L3 backend support: PDF output (pdfTeX)
\l__color_backend_stack_int=\count286
\l__pdf_internal_box=\box54
) (./Notebook.aux)
\openout1 = `Notebook.aux'.

LaTeX Font Info:    Checking defaults for OML/cmm/m/it on input line 42.
LaTeX Font Info:    ... okay on input line 42.
LaTeX Font Info:    Checking defaults for OMS/cmsy/m/n on input line 42.
LaTeX Font Info:    ... okay on input line 42.
LaTeX Font Info:    Checking defaults for OT1/cmr/m/n on input line 42.
LaTeX Font Info:    ... okay on input line 42.
LaTeX Font Info:    Checking defaults for T1/cmr/m/n on input line 42.
LaTeX Font Info:    ... okay on input line 42.
LaTeX Font Info:    Checking defaults for TS1/cmr/m/n on input line 42.
LaTeX Font Info:    ... okay on input line 42.
LaTeX Font Info:    Checking defaults for OMX/cmex/m/n on input line 42.
LaTeX Font Info:    ... okay on input line 42.
LaTeX Font Info:    Checking defaults for U/cmr/m/n on input line 42.
LaTeX Font Info:    ... okay on input line 42.
LaTeX Font Info:    Checking defaults for PD1/pdf/m/n on input line 42.
LaTeX Font Info:    ... okay on input line 42.
LaTeX Font Info:    Checking defaults for PU/pdf/m/n on input line 42.
LaTeX Font Info:    ... okay on input line 42.
 (e:/Environment/texlive/2021/texmf-dist/tex/context/base/mkii/supp-pdf.mkii
[Loading MPS to PDF converter (version 2006.09.02).]
\scratchcounter=\count287
\scratchdimen=\dimen158
\scratchbox=\box55
\nofMPsegments=\count288
\nofMParguments=\count289
\everyMPshowfont=\toks25
\MPscratchCnt=\count290
\MPscratchDim=\dimen159
\MPnumerator=\count291
\makeMPintoPDFobject=\count292
\everyMPtoPDFconversion=\toks26
) (e:/Environment/texlive/2021/texmf-dist/tex/latex/epstopdf-pkg/epstopdf-base.sty
Package: epstopdf-base 2020-01-24 v2.11 Base part for package epstopdf
 (e:/Environment/texlive/2021/texmf-dist/tex/latex/grfext/grfext.sty
Package: grfext 2019/12/03 v1.3 Manage graphics extensions (HO)
)
Package epstopdf-base Info: Redefining graphics rule for `.eps' on input line 485.
Package grfext Info: Graphics extension search list:
(grfext)             [.pdf,.png,.jpg,.mps,.jpeg,.jbig2,.jb2,.PDF,.PNG,.JPG,.JPEG,.JBIG2,.JB2,.eps]
(grfext)             \AppendGraphicsExtensions on input line 504.
 (e:/Environment/texlive/2021/texmf-dist/tex/latex/latexconfig/epstopdf-sys.cfg
File: epstopdf-sys.cfg 2010/07/13 v1.3 Configuration of (r)epstopdf for TeX Live
))
Package hyperref Info: Link coloring OFF on input line 42.
 (e:/Environment/texlive/2021/texmf-dist/tex/latex/hyperref/nameref.sty
Package: nameref 2021-04-02 v2.47 Cross-referencing by name of section
 (e:/Environment/texlive/2021/texmf-dist/tex/latex/refcount/refcount.sty
Package: refcount 2019/12/15 v3.6 Data extraction from label references (HO)
) (e:/Environment/texlive/2021/texmf-dist/tex/generic/gettitlestring/gettitlestring.sty
Package: gettitlestring 2019/12/15 v1.6 Cleanup title references (HO)
)
\c@section@level=\count293
)
LaTeX Info: Redefining \ref on input line 42.
LaTeX Info: Redefining \pageref on input line 42.
LaTeX Info: Redefining \nameref on input line 42.
 (./Notebook.out) (./Notebook.out)
\@outlinefile=\write3
\openout3 = `Notebook.out'.

\c@lstlisting=\count294
 [1

{e:/Environment/texlive/2021/texmf-var/fonts/map/pdftex/updmap/pdftex.map}] (./Notebook.toc [2] [3] [4] [5] [6] [7])
\tf@toc=\write4
\openout4 = `Notebook.toc'.

 [8]
<./images//WhyDoWeNeedOS.png, id=1191, 791.95876pt x 410.53375pt>
File: ./images//WhyDoWeNeedOS.png Graphic file (type png)
<use ./images//WhyDoWeNeedOS.png>
Package pdftex.def Info: ./images//WhyDoWeNeedOS.png  used on input line 71.
(pdftex.def)             Requested size: 390.0pt x 202.17183pt.
 [9 <./images//WhyDoWeNeedOS.png>]
<./images//FourWaysToInvokeOS.png, id=1199, 584.1825pt x 481.8pt>
File: ./images//FourWaysToInvokeOS.png Graphic file (type png)
<use ./images//FourWaysToInvokeOS.png>
Package pdftex.def Info: ./images//FourWaysToInvokeOS.png  used on input line 90.
(pdftex.def)             Requested size: 312.00119pt x 257.33037pt.
 [10]
<./images//InterfacesInComputerSystem.png, id=1204, 410.53375pt x 467.7475pt>
File: ./images//InterfacesInComputerSystem.png Graphic file (type png)
<use ./images//InterfacesInComputerSystem.png>
Package pdftex.def Info: ./images//InterfacesInComputerSystem.png  used on input line 102.
(pdftex.def)             Requested size: 234.00238pt x 266.6117pt.
 [11 <./images//FourWaysToInvokeOS.png>] [12 <./images//InterfacesInComputerSystem.png>] [13]
<./images//ProcessMemoryLayout.png, id=1220, 981.6675pt x 428.60126pt>
File: ./images//ProcessMemoryLayout.png Graphic file (type png)
<use ./images//ProcessMemoryLayout.png>
Package pdftex.def Info: ./images//ProcessMemoryLayout.png  used on input line 151.
(pdftex.def)             Requested size: 390.0pt x 170.27335pt.
 [14 <./images//ProcessMemoryLayout.png>]
<./images//ProcessLifecycle.png, id=1226, 852.18375pt x 262.9825pt>
File: ./images//ProcessLifecycle.png Graphic file (type png)
<use ./images//ProcessLifecycle.png>
Package pdftex.def Info: ./images//ProcessLifecycle.png  used on input line 167.
(pdftex.def)             Requested size: 390.0pt x 120.35544pt.
 [15 <./images//ProcessLifecycle.png>] [16]
<./images//PipeAbstraction.png, id=1241, 644.4075pt x 137.51375pt>
File: ./images//PipeAbstraction.png Graphic file (type png)
<use ./images//PipeAbstraction.png>
Package pdftex.def Info: ./images//PipeAbstraction.png  used on input line 226.
(pdftex.def)             Requested size: 312.00119pt x 66.58287pt.
<./images//ParentChildCommunicationUsingPipe.png, id=1242, 703.62875pt x 384.43625pt>
File: ./images//ParentChildCommunicationUsingPipe.png Graphic file (type png)
<use ./images//ParentChildCommunicationUsingPipe.png>
Package pdftex.def Info: ./images//ParentChildCommunicationUsingPipe.png  used on input line 228.
(pdftex.def)             Requested size: 312.00119pt x 170.46059pt.
 [17 <./images//PipeAbstraction.png> <./images//ParentChildCommunicationUsingPipe.png>]
<./images//FileDescriptorTable.png, id=1249, 694.595pt x 400.49625pt>
File: ./images//FileDescriptorTable.png Graphic file (type png)
<use ./images//FileDescriptorTable.png>
Package pdftex.def Info: ./images//FileDescriptorTable.png  used on input line 235.
(pdftex.def)             Requested size: 312.00119pt x 179.90387pt.
 [18 <./images//FileDescriptorTable.png>] [19] [20]
<./images//PipeErrorHandling.png, id=1339, 549.05125pt x 723.70375pt>
File: ./images//PipeErrorHandling.png Graphic file (type png)
<use ./images//PipeErrorHandling.png>
Package pdftex.def Info: ./images//PipeErrorHandling.png  used on input line 349.
(pdftex.def)             Requested size: 312.00119pt x 411.25655pt.
 [21]
<./images//SignalOverview.png, id=1344, 325.215pt x 346.29375pt>
File: ./images//SignalOverview.png Graphic file (type png)
<use ./images//SignalOverview.png>
Package pdftex.def Info: ./images//SignalOverview.png  used on input line 357.
(pdftex.def)             Requested size: 234.00238pt x 249.17278pt.
 [22 <./images//PipeErrorHandling.png>] [23 <./images//SignalOverview.png>]
<./images//SharedMemoryOverview.png, id=1355, 772.8875pt x 553.06625pt>
File: ./images//SharedMemoryOverview.png Graphic file (type png)
<use ./images//SharedMemoryOverview.png>
Package pdftex.def Info: ./images//SharedMemoryOverview.png  used on input line 392.
(pdftex.def)             Requested size: 312.00119pt x 223.26483pt.
 [24 <./images//SharedMemoryOverview.png>] [25] [26] [27] [28] [29] [30]
<./images//ThreadAddressSpace.png, id=1541, 716.6775pt x 455.7025pt>
File: ./images//ThreadAddressSpace.png Graphic file (type png)
<use ./images//ThreadAddressSpace.png>
Package pdftex.def Info: ./images//ThreadAddressSpace.png  used on input line 595.
(pdftex.def)             Requested size: 390.0pt x 247.98787pt.
 [31 <./images//ThreadAddressSpace.png>]
<./images//UserLevelThreads.png, id=1548, 521.95pt x 480.79625pt>
File: ./images//UserLevelThreads.png Graphic file (type png)
<use ./images//UserLevelThreads.png>
Package pdftex.def Info: ./images//UserLevelThreads.png  used on input line 634.
(pdftex.def)             Requested size: 234.00238pt x 215.55664pt.
 [32]
<./images//KernelLevelThreads.png, id=1553, 411.5375pt x 468.75125pt>
File: ./images//KernelLevelThreads.png Graphic file (type png)
<use ./images//KernelLevelThreads.png>
Package pdftex.def Info: ./images//KernelLevelThreads.png  used on input line 641.
(pdftex.def)             Requested size: 234.00238pt x 266.53294pt.
<./images//MultiplexingThreads.png, id=1554, 869.2475pt x 538.01pt>
File: ./images//MultiplexingThreads.png Graphic file (type png)
<use ./images//MultiplexingThreads.png>
Package pdftex.def Info: ./images//MultiplexingThreads.png  used on input line 645.
(pdftex.def)             Requested size: 234.00238pt x 144.82954pt.
 [33 <./images//UserLevelThreads.png> <./images//KernelLevelThreads.png>]
<./images//LocalThreadScheduling.png, id=1561, 582.175pt x 525.965pt>
File: ./images//LocalThreadScheduling.png Graphic file (type png)
<use ./images//LocalThreadScheduling.png>
Package pdftex.def Info: ./images//LocalThreadScheduling.png  used on input line 651.
(pdftex.def)             Requested size: 234.00238pt x 211.40953pt.
 [34 <./images//MultiplexingThreads.png> <./images//LocalThreadScheduling.png>]
<./images//GlobalThreadScheduling.png, id=1568, 405.515pt x 449.68pt>
File: ./images//GlobalThreadScheduling.png Graphic file (type png)
<use ./images//GlobalThreadScheduling.png>
Package pdftex.def Info: ./images//GlobalThreadScheduling.png  used on input line 661.
(pdftex.def)             Requested size: 234.00238pt x 259.4903pt.
 [35 <./images//GlobalThreadScheduling.png>] [36]
<./images//ConcurrencyOverview.png, id=1606, 952.55875pt x 296.10625pt>
File: ./images//ConcurrencyOverview.png Graphic file (type png)
<use ./images//ConcurrencyOverview.png>
Package pdftex.def Info: ./images//ConcurrencyOverview.png  used on input line 731.
(pdftex.def)             Requested size: 312.00119pt x 96.98792pt.
 [37 <./images//ConcurrencyOverview.png>]
<./images//MutualExclusionOverview.png, id=1626, 755.82375pt x 550.055pt>
File: ./images//MutualExclusionOverview.png Graphic file (type png)
<use ./images//MutualExclusionOverview.png>
Package pdftex.def Info: ./images//MutualExclusionOverview.png  used on input line 755.
(pdftex.def)             Requested size: 312.00119pt x 227.05995pt.
 [38] [39 <./images//MutualExclusionOverview.png>] [40] [41]
<./images//InterruptServiceRoutine.png, id=1671, 529.98pt x 354.32375pt>
File: ./images//InterruptServiceRoutine.png Graphic file (type png)
<use ./images//InterruptServiceRoutine.png>
Package pdftex.def Info: ./images//InterruptServiceRoutine.png  used on input line 867.
(pdftex.def)             Requested size: 234.00238pt x 156.44357pt.
 [42]
<./images//InterruptAndDeadlock.png, id=1676, 690.58pt x 639.38875pt>
File: ./images//InterruptAndDeadlock.png Graphic file (type png)
<use ./images//InterruptAndDeadlock.png>
Package pdftex.def Info: ./images//InterruptAndDeadlock.png  used on input line 869.
(pdftex.def)             Requested size: 234.00238pt x 216.64781pt.
 [43 <./images//InterruptServiceRoutine.png> <./images//InterruptAndDeadlock.png>]
Overfull \hbox (5.70981pt too wide) in paragraph at lines 892--892
[]\OT1/cmr/bx/n/17.28 Semaphores, Con-di-tion Vari-ables, Pro-ducer
 []

[44]
LaTeX Font Info:    Trying to load font information for OML+cmr on input line 908.
 (e:/Environment/texlive/2021/texmf-dist/tex/latex/base/omlcmr.fd
File: omlcmr.fd 2019/12/16 v2.5j Standard LaTeX font definitions
)
LaTeX Font Info:    Font shape `OML/cmr/m/n' in size <12> not available
(Font)              Font shape `OML/cmm/m/it' tried instead on input line 908.
 [45]
<./images//Producer-ConsumerProblem.png, id=1703, 931.48pt x 348.30125pt>
File: ./images//Producer-ConsumerProblem.png Graphic file (type png)
<use ./images//Producer-ConsumerProblem.png>
Package pdftex.def Info: ./images//Producer-ConsumerProblem.png  used on input line 937.
(pdftex.def)             Requested size: 312.00119pt x 116.66171pt.
 [46 <./images//Producer-ConsumerProblem.png>] [47]
<./images//Monitor.png, id=1743, 450.68375pt x 619.31375pt>
File: ./images//Monitor.png Graphic file (type png)
<use ./images//Monitor.png>
Package pdftex.def Info: ./images//Monitor.png  used on input line 996.
(pdftex.def)             Requested size: 234.00238pt x 321.56305pt.
 [48 <./images//Monitor.png>]
<./images//PCProblemMonitor.png, id=1750, 1115.16624pt x 657.45625pt>
File: ./images//PCProblemMonitor.png Graphic file (type png)
<use ./images//PCProblemMonitor.png>
Package pdftex.def Info: ./images//PCProblemMonitor.png  used on input line 1004.
(pdftex.def)             Requested size: 390.0pt x 229.92253pt.
 [49 <./images//PCProblemMonitor.png>]
<./images//TSLImplementation.png, id=1757, 1141.26375pt x 636.3775pt>
File: ./images//TSLImplementation.png Graphic file (type png)
<use ./images//TSLImplementation.png>
Package pdftex.def Info: ./images//TSLImplementation.png  used on input line 1022.
(pdftex.def)             Requested size: 390.0pt x 217.46275pt.
 [50 <./images//TSLImplementation.png>]
<./images//KernelWorking.png, id=1763, 935.495pt x 762.85pt>
File: ./images//KernelWorking.png Graphic file (type png)
<use ./images//KernelWorking.png>
Package pdftex.def Info: ./images//KernelWorking.png  used on input line 1034.
(pdftex.def)             Requested size: 390.0pt x 318.03188pt.
 [51 <./images//KernelWorking.png>] [52] [53]
<./images//KernelErrorHandling.png, id=1800, 1643.13875pt x 960.58875pt>
File: ./images//KernelErrorHandling.png Graphic file (type png)
<use ./images//KernelErrorHandling.png>
Package pdftex.def Info: ./images//KernelErrorHandling.png  used on input line 1108.
(pdftex.def)             Requested size: 390.0pt x 227.99562pt.
 [54 <./images//KernelErrorHandling.png>] [55] [56] [57] [58]
<./images//SystemCalls.png, id=1874, 798.985pt x 322.20375pt>
File: ./images//SystemCalls.png Graphic file (type png)
<use ./images//SystemCalls.png>
Package pdftex.def Info: ./images//SystemCalls.png  used on input line 1238.
(pdftex.def)             Requested size: 390.0pt x 157.27649pt.
<./images//SystemCallTable.png, id=1875, 827.09pt x 258.9675pt>
File: ./images//SystemCallTable.png Graphic file (type png)
<use ./images//SystemCallTable.png>
Package pdftex.def Info: ./images//SystemCallTable.png  used on input line 1245.
(pdftex.def)             Requested size: 312.00119pt x 97.68948pt.
 [59 <./images//SystemCalls.png> <./images//SystemCallTable.png>]
<./images//SystemCallExecution.png, id=1882, 835.12pt x 653.44125pt>
File: ./images//SystemCallExecution.png Graphic file (type png)
<use ./images//SystemCallExecution.png>
Package pdftex.def Info: ./images//SystemCallExecution.png  used on input line 1262.
(pdftex.def)             Requested size: 390.0pt x 305.16316pt.
 [60] [61 <./images//SystemCallExecution.png>] [62]
<./images//SystemCallHandler.png, id=1927, 1588.93625pt x 1051.93pt>
File: ./images//SystemCallHandler.png Graphic file (type png)
<use ./images//SystemCallHandler.png>
Package pdftex.def Info: ./images//SystemCallHandler.png  used on input line 1319.
(pdftex.def)             Requested size: 312.00119pt x 206.54605pt.
 [63 <./images//SystemCallHandler.png>]
<./images//MemoryHierarchy.png, id=1944, 1557.82pt x 763.85374pt>
File: ./images//MemoryHierarchy.png Graphic file (type png)
<use ./images//MemoryHierarchy.png>
Package pdftex.def Info: ./images//MemoryHierarchy.png  used on input line 1347.
(pdftex.def)             Requested size: 390.0pt x 191.23103pt.
 [64 <./images//MemoryHierarchy.png>]
<./images//Swapping.png, id=1954, 845.1575pt x 378.41376pt>
File: ./images//Swapping.png Graphic file (type png)
<use ./images//Swapping.png>
Package pdftex.def Info: ./images//Swapping.png  used on input line 1363.
(pdftex.def)             Requested size: 390.0pt x 174.62097pt.
 [65 <./images//Swapping.png>]
<./images//Paging.png, id=1960, 512.91624pt x 667.49374pt>
File: ./images//Paging.png Graphic file (type png)
<use ./images//Paging.png>
Package pdftex.def Info: ./images//Paging.png  used on input line 1382.
(pdftex.def)             Requested size: 234.00238pt x 304.52495pt.
 [66]
<./images//MemoryManagementUnit.png, id=1965, 956.57375pt x 580.1675pt>
File: ./images//MemoryManagementUnit.png Graphic file (type png)
<use ./images//MemoryManagementUnit.png>
Package pdftex.def Info: ./images//MemoryManagementUnit.png  used on input line 1395.
(pdftex.def)             Requested size: 390.0pt x 236.53345pt.
 [67 <./images//Paging.png>]
<./images//AddressSpaceSize.png, id=1976, 837.1275pt x 448.67625pt>
File: ./images//AddressSpaceSize.png Graphic file (type png)
<use ./images//AddressSpaceSize.png>
Package pdftex.def Info: ./images//AddressSpaceSize.png  used on input line 1397.
(pdftex.def)             Requested size: 390.0pt x 209.02254pt.
 [68 <./images//MemoryManagementUnit.png> <./images//AddressSpaceSize.png>]
<./images//PageTable.png, id=1983, 550.055pt x 755.82375pt>
File: ./images//PageTable.png Graphic file (type png)
<use ./images//PageTable.png>
Package pdftex.def Info: ./images//PageTable.png  used on input line 1406.
(pdftex.def)             Requested size: 234.00238pt x 321.538pt.
 [69 <./images//PageTable.png>]
<./images//VAtoPA.png, id=1989, 1094.0875pt x 731.73375pt>
File: ./images//VAtoPA.png Graphic file (type png)
<use ./images//VAtoPA.png>
Package pdftex.def Info: ./images//VAtoPA.png  used on input line 1413.
(pdftex.def)             Requested size: 390.0pt x 260.83359pt.
<./images//VATranslationExample.png, id=1990, 1335.99126pt x 892.33376pt>
File: ./images//VATranslationExample.png Graphic file (type png)
<use ./images//VATranslationExample.png>
Package pdftex.def Info: ./images//VATranslationExample.png  used on input line 1415.
(pdftex.def)             Requested size: 390.0pt x 260.48576pt.
 [70 <./images//VAtoPA.png>] [71 <./images//VATranslationExample.png>]
<./images//VATranslationExampleBig.png, id=2001, 855.195pt x 850.17625pt>
File: ./images//VATranslationExampleBig.png Graphic file (type png)
<use ./images//VATranslationExampleBig.png>
Package pdftex.def Info: ./images//VATranslationExampleBig.png  used on input line 1432.
(pdftex.def)             Requested size: 390.0pt x 387.71294pt.
 [72 <./images//VATranslationExampleBig.png>]
<./images//PTE.png, id=2007, 1114.1625pt x 306.14375pt>
File: ./images//PTE.png Graphic file (type png)
<use ./images//PTE.png>
Package pdftex.def Info: ./images//PTE.png  used on input line 1440.
(pdftex.def)             Requested size: 390.0pt x 107.16125pt.
<./images//TLB.png, id=2008, 991.705pt x 407.5225pt>
File: ./images//TLB.png Graphic file (type png)
<use ./images//TLB.png>
Package pdftex.def Info: ./images//TLB.png  used on input line 1450.
(pdftex.def)             Requested size: 390.0pt x 160.26384pt.
 [73 <./images//PTE.png>] [74 <./images//TLB.png>] [75] [76]
<./images//SuperpageTLBExample.png, id=2029, 1061.9675pt x 690.58pt>
File: ./images//SuperpageTLBExample.png Graphic file (type png)
<use ./images//SuperpageTLBExample.png>
Package pdftex.def Info: ./images//SuperpageTLBExample.png  used on input line 1540.
(pdftex.def)             Requested size: 390.0pt x 253.61386pt.
 [77] [78 <./images//SuperpageTLBExample.png>]
<./images//SuperpageAllocation.png, id=2039, 1102.1175pt x 403.5075pt>
File: ./images//SuperpageAllocation.png Graphic file (type png)
<use ./images//SuperpageAllocation.png>
Package pdftex.def Info: ./images//SuperpageAllocation.png  used on input line 1578.
(pdftex.def)             Requested size: 350.99762pt x 128.50932pt.
<./images//SuperpagePromotion.png, id=2040, 835.12pt x 232.87pt>
File: ./images//SuperpagePromotion.png Graphic file (type png)
<use ./images//SuperpagePromotion.png>
Package pdftex.def Info: ./images//SuperpagePromotion.png  used on input line 1584.
(pdftex.def)             Requested size: 350.99762pt x 97.8758pt.
 [79 <./images//SuperpageAllocation.png>] [80 <./images//SuperpagePromotion.png>] [81] [82]
<./images//VFS.png, id=2069, 777.90625pt x 704.6325pt>
File: ./images//VFS.png Graphic file (type png)
<use ./images//VFS.png>
Package pdftex.def Info: ./images//VFS.png  used on input line 1690.
(pdftex.def)             Requested size: 234.00238pt x 211.96123pt.
 [83]
<./images//PartitionsAndFile-systemLayout.png, id=2074, 1409.265pt x 624.3325pt>
File: ./images//PartitionsAndFile-systemLayout.png Graphic file (type png)
<use ./images//PartitionsAndFile-systemLayout.png>
Package pdftex.def Info: ./images//PartitionsAndFile-systemLayout.png  used on input line 1692.
(pdftex.def)             Requested size: 390.0pt x 172.77322pt.
<./images//ContiguousAllocation.png, id=2075, 1402.23875pt x 890.32625pt>
File: ./images//ContiguousAllocation.png Graphic file (type png)
<use ./images//ContiguousAllocation.png>
Package pdftex.def Info: ./images//ContiguousAllocation.png  used on input line 1694.
(pdftex.def)             Requested size: 390.0pt x 247.61867pt.
 [84 <./images//VFS.png> <./images//PartitionsAndFile-systemLayout.png>]
<./images//SinglyLinkedList.png, id=2082, 1385.175pt x 785.93625pt>
File: ./images//SinglyLinkedList.png Graphic file (type png)
<use ./images//SinglyLinkedList.png>
Package pdftex.def Info: ./images//SinglyLinkedList.png  used on input line 1696.
(pdftex.def)             Requested size: 390.0pt x 221.28387pt.
 [85 <./images//ContiguousAllocation.png> <./images//SinglyLinkedList.png>]
<./images//FileAllocationTable.png, id=2090, 705.63625pt x 824.07875pt>
File: ./images//FileAllocationTable.png Graphic file (type png)
<use ./images//FileAllocationTable.png>
Package pdftex.def Info: ./images//FileAllocationTable.png  used on input line 1702.
(pdftex.def)             Requested size: 390.0pt x 455.45781pt.
 [86 <./images//FileAllocationTable.png>]
<./images//UnixI-node.png, id=2096, 863.225pt x 719.68875pt>
File: ./images//UnixI-node.png Graphic file (type png)
<use ./images//UnixI-node.png>
Package pdftex.def Info: ./images//UnixI-node.png  used on input line 1720.
(pdftex.def)             Requested size: 390.0pt x 325.14178pt.
 [87]
<./images//AnotherViewOfUnixI-node.png, id=2101, 1377.145pt x 734.745pt>
File: ./images//AnotherViewOfUnixI-node.png Graphic file (type png)
<use ./images//AnotherViewOfUnixI-node.png>
Package pdftex.def Info: ./images//AnotherViewOfUnixI-node.png  used on input line 1732.
(pdftex.def)             Requested size: 390.0pt x 208.07034pt.
 [88 <./images//UnixI-node.png>] [89 <./images//AnotherViewOfUnixI-node.png>] [90] [91]
<./images//FileSystemCache.png, id=2121, 973.6375pt x 611.28375pt>
File: ./images//FileSystemCache.png Graphic file (type png)
<use ./images//FileSystemCache.png>
Package pdftex.def Info: ./images//FileSystemCache.png  used on input line 1812.
(pdftex.def)             Requested size: 312.00119pt x 195.88528pt.
<./images//HowFileSystemCacheWork.png, id=2122, 1242.6425pt x 463.7325pt>
File: ./images//HowFileSystemCacheWork.png Graphic file (type png)
<use ./images//HowFileSystemCacheWork.png>
Package pdftex.def Info: ./images//HowFileSystemCacheWork.png  used on input line 1816.
(pdftex.def)             Requested size: 312.00119pt x 116.42815pt.
 [92 <./images//FileSystemCache.png>]
<./images//FileSystemCacheDataStructure.png, id=2128, 1438.37375pt x 540.0175pt>
File: ./images//FileSystemCacheDataStructure.png Graphic file (type png)
<use ./images//FileSystemCacheDataStructure.png>
Package pdftex.def Info: ./images//FileSystemCacheDataStructure.png  used on input line 1826.
(pdftex.def)             Requested size: 312.00119pt x 117.13148pt.
 [93 <./images//HowFileSystemCacheWork.png> <./images//FileSystemCacheDataStructure.png>]
<./images//LogicalToPhysicalAddressSpaceMapping.png, id=2135, 1085.05376pt x 687.56876pt>
File: ./images//LogicalToPhysicalAddressSpaceMapping.png Graphic file (type png)
<use ./images//LogicalToPhysicalAddressSpaceMapping.png>
Package pdftex.def Info: ./images//LogicalToPhysicalAddressSpaceMapping.png  used on input line 1860.
(pdftex.def)             Requested size: 390.0pt x 247.13638pt.
 [94]
<./images//RaidLevels.png, id=2140, 736.7525pt x 789.95125pt>
File: ./images//RaidLevels.png Graphic file (type png)
<use ./images//RaidLevels.png>
Package pdftex.def Info: ./images//RaidLevels.png  used on input line 1865.
(pdftex.def)             Requested size: 312.00119pt x 334.5255pt.
 [95 <./images//LogicalToPhysicalAddressSpaceMapping.png>]
<./images//Raid0.png, id=2147, 1047.915pt x 481.8pt>
File: ./images//Raid0.png Graphic file (type png)
<use ./images//Raid0.png>
Package pdftex.def Info: ./images//Raid0.png  used on input line 1872.
(pdftex.def)             Requested size: 234.00238pt x 107.58427pt.
 [96 <./images//RaidLevels.png>]
<./images//Raid1.png, id=2153, 1154.3125pt x 456.70625pt>
File: ./images//Raid1.png Graphic file (type png)
<use ./images//Raid1.png>
Package pdftex.def Info: ./images//Raid1.png  used on input line 1882.
(pdftex.def)             Requested size: 234.00238pt x 92.58006pt.
<./images//Raid2.png, id=2154, 1169.36874pt x 636.3775pt>
File: ./images//Raid2.png Graphic file (type png)
<use ./images//Raid2.png>
Package pdftex.def Info: ./images//Raid2.png  used on input line 1889.
(pdftex.def)             Requested size: 234.00238pt x 127.34122pt.
 [97 <./images//Raid0.png> <./images//Raid1.png>]
<./images//Raid3.png, id=2162, 1211.52625pt x 364.36125pt>
File: ./images//Raid3.png Graphic file (type png)
<use ./images//Raid3.png>
Package pdftex.def Info: ./images//Raid3.png  used on input line 1899.
(pdftex.def)             Requested size: 234.00238pt x 70.37465pt.
 [98 <./images//Raid2.png> <./images//Raid3.png>]
<./images//Raid4.png, id=2169, 1139.25626pt x 352.31625pt>
File: ./images//Raid4.png Graphic file (type png)
<use ./images//Raid4.png>
Package pdftex.def Info: ./images//Raid4.png  used on input line 1908.
(pdftex.def)             Requested size: 234.00238pt x 72.36507pt.
<./images//Raid5.png, id=2170, 1201.48875pt x 408.52625pt>
File: ./images//Raid5.png Graphic file (type png)
<use ./images//Raid5.png>
Package pdftex.def Info: ./images//Raid5.png  used on input line 1918.
(pdftex.def)             Requested size: 234.00238pt x 79.55943pt.
 [99 <./images//Raid4.png> <./images//Raid5.png>]
<./images//RaidComparasion.png, id=2177, 1540.75626pt x 1014.79124pt>
File: ./images//RaidComparasion.png Graphic file (type png)
<use ./images//RaidComparasion.png>
Package pdftex.def Info: ./images//RaidComparasion.png  used on input line 1945.
(pdftex.def)             Requested size: 390.0pt x 256.85602pt.
 [100] [101 <./images//RaidComparasion.png>]
File: ./images//InterfacesInComputerSystem.png Graphic file (type png)
<use ./images//InterfacesInComputerSystem.png>
Package pdftex.def Info: ./images//InterfacesInComputerSystem.png  used on input line 1991.
(pdftex.def)             Requested size: 390.0pt x 444.35045pt.
 [102] [103]
<./images//ProcessVM.png, id=2196, 623.32875pt x 256.96pt>
File: ./images//ProcessVM.png Graphic file (type png)
<use ./images//ProcessVM.png>
Package pdftex.def Info: ./images//ProcessVM.png  used on input line 2008.
(pdftex.def)             Requested size: 312.00119pt x 128.62083pt.
<./images//SystemVM.png, id=2197, 605.26125pt x 284.06125pt>
File: ./images//SystemVM.png Graphic file (type png)
<use ./images//SystemVM.png>
Package pdftex.def Info: ./images//SystemVM.png  used on input line 2016.
(pdftex.def)             Requested size: 312.00119pt x 146.42969pt.
 [104 <./images//ProcessVM.png>]
<./images//ProcessVMExample.png, id=2203, 500.87125pt x 864.22874pt>
File: ./images//ProcessVMExample.png Graphic file (type png)
<use ./images//ProcessVMExample.png>
Package pdftex.def Info: ./images//ProcessVMExample.png  used on input line 2042.
(pdftex.def)             Requested size: 155.99762pt x 269.1609pt.
 [105 <./images//SystemVM.png>] [106 <./images//ProcessVMExample.png>]
<./images//Hypervisor.png, id=2214, 457.71pt x 500.87125pt>
File: ./images//Hypervisor.png Graphic file (type png)
<use ./images//Hypervisor.png>
Package pdftex.def Info: ./images//Hypervisor.png  used on input line 2055.
(pdftex.def)             Requested size: 155.99762pt x 170.70667pt.
<./images//HypervisorType1.png, id=2215, 624.3325pt x 377.41pt>
File: ./images//HypervisorType1.png Graphic file (type png)
<use ./images//HypervisorType1.png>
Package pdftex.def Info: ./images//HypervisorType1.png  used on input line 2064.
(pdftex.def)             Requested size: 155.99762pt x 94.30043pt.
 [107 <./images//Hypervisor.png> <./images//HypervisorType1.png>]
<./images//HypervisorType2.png, id=2222, 288.07625pt x 467.7475pt>
File: ./images//HypervisorType2.png Graphic file (type png)
<use ./images//HypervisorType2.png>
Package pdftex.def Info: ./images//HypervisorType2.png  used on input line 2073.
(pdftex.def)             Requested size: 155.99762pt x 253.30074pt.
 [108 <./images//HypervisorType2.png>]
<./images//WholeSystemVMs.png, id=2228, 766.865pt x 657.45625pt>
File: ./images//WholeSystemVMs.png Graphic file (type png)
<use ./images//WholeSystemVMs.png>
Package pdftex.def Info: ./images//WholeSystemVMs.png  used on input line 2099.
(pdftex.def)             Requested size: 155.99762pt x 133.73607pt.
 [109 <./images//WholeSystemVMs.png>]
<./images//Taxonomy.png, id=2235, 1059.96pt x 709.65125pt>
File: ./images//Taxonomy.png Graphic file (type png)
<use ./images//Taxonomy.png>
Package pdftex.def Info: ./images//Taxonomy.png  used on input line 2112.
(pdftex.def)             Requested size: 390.0pt x 261.10501pt.
<./images//Versatility.png, id=2236, 700.6175pt x 811.03pt>
File: ./images//Versatility.png Graphic file (type png)
<use ./images//Versatility.png>
Package pdftex.def Info: ./images//Versatility.png  used on input line 2114.
(pdftex.def)             Requested size: 155.99762pt x 180.58044pt.
 [110 <./images//Taxonomy.png>] [111 <./images//Versatility.png>]
<./images//ExecutionOfPrivilegedInstructionbyGuest.png, id=2247, 1601.985pt x 663.47874pt>
File: ./images//ExecutionOfPrivilegedInstructionbyGuest.png Graphic file (type png)
<use ./images//ExecutionOfPrivilegedInstructionbyGuest.png>
Package pdftex.def Info: ./images//ExecutionOfPrivilegedInstructionbyGuest.png  used on input line 2139.
(pdftex.def)             Requested size: 390.0pt x 161.516pt.
<./images//ResourceControl.png, id=2248, 1523.6925pt x 468.75125pt>
File: ./images//ResourceControl.png Graphic file (type png)
<use ./images//ResourceControl.png>
Package pdftex.def Info: ./images//ResourceControl.png  used on input line 2148.
(pdftex.def)             Requested size: 390.0pt x 119.97702pt.
 [112 <./images//ExecutionOfPrivilegedInstructionbyGuest.png>]
<./images//MemoryVirtualizationforVMs.png, id=2254, 1360.08125pt x 704.6325pt>
File: ./images//MemoryVirtualizationforVMs.png Graphic file (type png)
<use ./images//MemoryVirtualizationforVMs.png>
Package pdftex.def Info: ./images//MemoryVirtualizationforVMs.png  used on input line 2150.
(pdftex.def)             Requested size: 390.0pt x 202.04805pt.
 [113 <./images//ResourceControl.png> <./images//MemoryVirtualizationforVMs.png>]
Overfull \hbox (5.4934pt too wide) in paragraph at lines 2162--2163
[]\OT1/cmr/m/n/12 Hypervisor traps and em-u-lates each I/O in-struc-tion from Guest
 []

<./images//LiveVMMigration.png, id=2261, 782.925pt x 204.765pt>
File: ./images//LiveVMMigration.png Graphic file (type png)
<use ./images//LiveVMMigration.png>
Package pdftex.def Info: ./images//LiveVMMigration.png  used on input line 2180.
(pdftex.def)             Requested size: 234.00238pt x 61.19875pt.
[114 <./images//LiveVMMigration.png>] [115]
<./images//Pre-copyMigration.png, id=2272, 618.31pt x 261.97874pt>
File: ./images//Pre-copyMigration.png Graphic file (type png)
<use ./images//Pre-copyMigration.png>
Package pdftex.def Info: ./images//Pre-copyMigration.png  used on input line 2240.
(pdftex.def)             Requested size: 234.00238pt x 99.1452pt.
 [116]
Overfull \hbox (1.17094pt too wide) in paragraph at lines 2247--2248
[]\OT1/cmr/m/n/12 Do a short stop-and-copy when num-ber of dirty pages is \small enough". 
 []

[117 <./images//Pre-copyMigration.png>]
<./images//Post-copyMigration.png, id=2283, 573.14125pt x 237.88875pt>
File: ./images//Post-copyMigration.png Graphic file (type png)
<use ./images//Post-copyMigration.png>
Package pdftex.def Info: ./images//Post-copyMigration.png  used on input line 2268.
(pdftex.def)             Requested size: 234.00238pt x 97.12483pt.
<./images//HybridPreAndPost-copy.png, id=2284, 891.33pt x 246.9225pt>
File: ./images//HybridPreAndPost-copy.png Graphic file (type png)
<use ./images//HybridPreAndPost-copy.png>
Package pdftex.def Info: ./images//HybridPreAndPost-copy.png  used on input line 2288.
(pdftex.def)             Requested size: 234.00238pt x 64.82376pt.

Overfull \hbox (10.91592pt too wide) in paragraph at lines 2288--2290
[] \OT1/cmr/m/n/12 Com-bines the ben-e-fits and draw-
 []

[118 <./images//Post-copyMigration.png>]
Overfull \hbox (18.9916pt too wide) in paragraph at lines 2299--2299
[]\OT1/cmr/m/n/12 Backward (re)learning(Transparant bridg-ing) de-lay at the net-work switches 
 []

[119 <./images//HybridPreAndPost-copy.png>]
<./images//Scatter-GatherMigration.png, id=2298, 791.95876pt x 458.71375pt>
File: ./images//Scatter-GatherMigration.png Graphic file (type png)
<use ./images//Scatter-GatherMigration.png>
Package pdftex.def Info: ./images//Scatter-GatherMigration.png  used on input line 2325.
(pdftex.def)             Requested size: 312.00119pt x 180.71748pt.

Overfull \hbox (1.06705pt too wide) in paragraph at lines 2325--2327
[] \OT1/cmr/m/n/12 Scatter-Gather
 []

<./images//Multi-VMMigration.png, id=2299, 855.195pt x 420.57124pt>
File: ./images//Multi-VMMigration.png Graphic file (type png)
<use ./images//Multi-VMMigration.png>
Package pdftex.def Info: ./images//Multi-VMMigration.png  used on input line 2328.
(pdftex.def)             Requested size: 312.00119pt x 153.43343pt.
[120 <./images//Scatter-GatherMigration.png>]
<./images//WhatisSecurity.png, id=2305, 828.09375pt x 231.86626pt>
File: ./images//WhatisSecurity.png Graphic file (type png)
<use ./images//WhatisSecurity.png>
Package pdftex.def Info: ./images//WhatisSecurity.png  used on input line 2338.
(pdftex.def)             Requested size: 234.00238pt x 65.52002pt.
 [121 <./images//Multi-VMMigration.png> <./images//WhatisSecurity.png>] [122]
<./images//LoginSpoofing.png, id=2321, 815.045pt x 285.065pt>
File: ./images//LoginSpoofing.png Graphic file (type png)
<use ./images//LoginSpoofing.png>
Package pdftex.def Info: ./images//LoginSpoofing.png  used on input line 2396.
(pdftex.def)             Requested size: 390.0pt x 136.40337pt.
 [123 <./images//LoginSpoofing.png>] [124]
<./images//NoReadUPNoWriteDOWN.png, id=2333, 1023.825pt x 561.09625pt>
File: ./images//NoReadUPNoWriteDOWN.png Graphic file (type png)
<use ./images//NoReadUPNoWriteDOWN.png>
Package pdftex.def Info: ./images//NoReadUPNoWriteDOWN.png  used on input line 2461.
(pdftex.def)             Requested size: 390.0pt x 213.73248pt.
 [125] [126 <./images//NoReadUPNoWriteDOWN.png>] (./Notebook.aux)
Package rerunfilecheck Info: File `Notebook.out' has not changed.
(rerunfilecheck)             Checksum: 357FD2DEB035E0BD3DDBCA96695B82CD;38519.
 ) 
Here is how much of TeX's memory you used:
 12430 strings out of 478599
 193519 string characters out of 5852089
 736542 words of memory out of 5000000
 29267 multiletter control sequences out of 15000+600000
 410875 words of font info for 53 fonts, out of 8000000 for 9000
 1141 hyphenation exceptions out of 8191
 60i,6n,66p,557b,2019s stack positions out of 5000i,500n,10000p,200000b,80000s
{e:/Environment/texlive/2021/texmf-dist/fonts/enc/dvips/cm-super/cm-super-ts1.enc}<e:/Environment/texlive/2021/texmf-dist/fonts/type1/public/amsfonts/cm/cmbx12.pfb><e:/Environment/texlive/2021/texmf-dist/fonts/type1/public/amsfonts/cm/cmmi12.pfb><e:/Environment/texlive/2021/texmf-dist/fonts/type1/public/amsfonts/cm/cmmi8.pfb><e:/Environment/texlive/2021/texmf-dist/fonts/type1/public/amsfonts/cm/cmr12.pfb><e:/Environment/texlive/2021/texmf-dist/fonts/type1/public/amsfonts/cm/cmr17.pfb><e:/Environment/texlive/2021/texmf-dist/fonts/type1/public/amsfonts/cm/cmsy10.pfb><e:/Environment/texlive/2021/texmf-dist/fonts/type1/public/amsfonts/cm/cmti12.pfb><e:/Environment/texlive/2021/texmf-dist/fonts/type1/public/amsfonts/cm/cmtt10.pfb><e:/Environment/texlive/2021/texmf-dist/fonts/type1/public/cm-super/sfrm1200.pfb>
Output written on Notebook.pdf (126 pages, 7967884 bytes).
PDF statistics:
 2562 PDF objects out of 2984 (max. 8388607)
 2223 compressed objects within 23 object streams
 830 named destinations out of 1000 (max. 500000)
 2250 words of extra memory for PDF output out of 10000 (max. 10000000)

